Sencha Cmd 6.0.0.197 - Crash report
================================================
An error occurred while executing the following command: -help

Diagnostic information:
=======================
                         app.archivePath : archive                                           
                      app.bootstrap.base : /Users/brad/Data/SenchaLabsGit/FeedViewer         
                       app.bootstrap.css : bootstrap.css                                     
                  app.bootstrap.manifest : ${build.id}.json                                  
               app.bootstrap.microloader : bootstrap.js                                      
            app.builds.classic.sass.save : classic/sass/save.json                            
                app.builds.classic.theme : theme-triton                                      
              app.builds.classic.toolkit : classic                                           
             app.builds.modern.sass.save : modern/sass/save.json                             
                 app.builds.modern.theme : theme-neptune                                     
               app.builds.modern.toolkit : modern                                            
                        app.cache.deltas : true                                              
                        app.cache.enable : false                                             
                   app.classic.js.0.path : /Users/brad/Data/SenchaLabsGit/FeedViewer/ext/build/ext-all-rtl-debug.js
                   app.classic.js.length : 1                                                 
                           app.classpath : app,${toolkit.name}/src                           
                         app.classpath.0 : app                                               
                         app.classpath.1 : ${toolkit.name}/src                               
                    app.classpath.length : 2                                                 
                         app.cmd.version : 6.0.0.197                                         
                          app.config.dir : /Users/brad/Data/SenchaLabsGit/FeedViewer/.sencha/app
                app.cordova.cache.enable : false                                             
                   app.cordova.config.id : com.domain.FeedViewer                             
                 app.cordova.config.name : FeedViewer                                        
                 app.cordova.config.path : /Users/brad/Data/SenchaLabsGit/FeedViewer/cordova 
               app.cordova.config.target :                                                   
              app.cordova.config.verbose : false                                             
                   app.cordova.js.0.path : cordova.js                                        
               app.cordova.js.0.priority : 1000                                              
                 app.cordova.js.0.remote : true                                              
                   app.cordova.js.length : 1                                                 
                 app.cordova.microloader : /Users/brad/Data/SenchaLabsGit/FeedViewer/.sencha/app/Microloader.js
      app.cordova.output.appCache.enable : false                                             
                 app.cordova.output.base : /Users/brad/Data/SenchaLabsGit/FeedViewer/cordova/www
             app.cordova.output.manifest : ${build.id}.json                                  
                 app.cordova.output.page : index.html                                        
                    app.development.tags :                                                   
             app.development.tags.length : 0                                                 
                                 app.dir : /Users/brad/Data/SenchaLabsGit/FeedViewer         
                           app.framework : ext                                               
                   app.framework.version : 6.0.0.415                                         
                                  app.id : 6569ca19-7571-4938-8136-7514b89ef07b              
                       app.indexHtmlPath : index.html                                        
                        app.loader.cache : false                                             
                   app.loader.cacheParam : _dc                                               
                    app.modern.js.0.path : /Users/brad/Data/SenchaLabsGit/FeedViewer/ext/build/ext-modern-all-debug.js
                    app.modern.js.length : 1                                                 
                                app.name : FeedViewer                                        
              app.output.appCache.enable : false                                             
                         app.output.base : /Users/brad/Data/SenchaLabsGit/FeedViewer/build/${build.environment}/FeedViewer/${build.id}
                     app.output.manifest : ../${build.id}.json                               
           app.output.microloader.enable : true                                              
                         app.output.page : ../index.html                                     
                           app.overrides : overrides,${toolkit.name}/overrides               
                         app.overrides.0 : overrides                                         
                         app.overrides.1 : ${toolkit.name}/overrides                         
                    app.overrides.length : 2                                                 
               app.phonegap.cache.enable : false                                             
                  app.phonegap.config.id : com.domain.FeedViewer                             
                app.phonegap.config.name : FeedViewer                                        
                app.phonegap.config.path : /Users/brad/Data/SenchaLabsGit/FeedViewer/phonegap
              app.phonegap.config.remote : false                                             
             app.phonegap.config.verbose : false                                             
                  app.phonegap.js.0.path : phonegap.js                                       
              app.phonegap.js.0.priority : 1000                                              
                app.phonegap.js.0.remote : true                                              
                  app.phonegap.js.length : 1                                                 
                app.phonegap.microloader : /Users/brad/Data/SenchaLabsGit/FeedViewer/.sencha/app/Microloader.js
     app.phonegap.output.appCache.enable : false                                             
                app.phonegap.output.base : /Users/brad/Data/SenchaLabsGit/FeedViewer/phonegap/www
            app.phonegap.output.manifest : ${build.id}.json                                  
                app.phonegap.output.page : index.html                                        
             app.production.cache.enable : true                                              
          app.production.compressor.type : yui                                               
             app.production.loader.cache : ${build.timestamp}                                
   app.production.output.appCache.enable : true                                              
     app.production.output.appCache.path : ../cache.appcache                                 
                      app.requires.names : ext,font-awesome                                  
                   app.requires.packages : /Users/brad/Data/SenchaLabsGit/FeedViewer/ext,/Users/brad/Data/SenchaLabsGit/FeedViewer/ext/packages/font-awesome
                      app.resource.paths : resources,${toolkit.name}/resources               
                    app.resource.paths.0 : resources                                         
                    app.resource.paths.1 : ${toolkit.name}/resources                         
               app.resource.paths.length : 2                                                 
                        app.sass.dynamic : true                                              
                            app.sass.etc : sass/etc/all.scss,${toolkit.name}/sass/etc/all.scss
                          app.sass.etc.0 : sass/etc/all.scss                                 
                          app.sass.etc.1 : ${toolkit.name}/sass/etc/all.scss                 
                     app.sass.etc.length : 2                                                 
                      app.sass.namespace : FeedViewer                                        
                           app.sass.save : sass/save.json                                    
                            app.sass.src : sass/src,${toolkit.name}/sass/src                 
                          app.sass.src.0 : sass/src                                          
                          app.sass.src.1 : ${toolkit.name}/sass/src                          
                     app.sass.src.length : 2                                                 
                            app.sass.var : sass/var/all.scss,sass/var,${toolkit.name}/sass/var
                          app.sass.var.0 : sass/var/all.scss                                 
                          app.sass.var.1 : sass/var                                          
                          app.sass.var.2 : ${toolkit.name}/sass/var                          
                     app.sass.var.length : 3                                                 
                 app.slicer.cache.enable : false                                             
        app.slicer.js.0.isWidgetManifest : true                                              
                    app.slicer.js.0.path : sass/example/custom.js                            
                    app.slicer.js.length : 1                                                 
       app.slicer.output.appCache.enable : false                                             
                             app.version : 1.0.0.0                                           
                    buildenvironment.dir : /Users/brad/Data/SenchaLabsGit/FeedViewer         
               buildenvironment.load.dir : /Users/brad/Data/SenchaLabsGit/FeedViewer         
                          cmd.config.dir : /Users/brad/bin/Sencha/Cmd/6.0.0.197              
                                 cmd.dir : /Users/brad/bin/Sencha/Cmd/6.0.0.197              
                    cmd.framework.minver : 5.5.0                                             
                   cmd.framework.version : 99.99                                             
                            cmd.jvm.args : -Xms128m -Xmx1024m -Dapple.awt.UIElement=true     
              cmd.merge.tool.args.araxis : -wait -merge -3 -a1 {base} {user} {generated} {out}
              cmd.merge.tool.args.kdiff3 : {base} {user} {generated} -o {out}                
             cmd.merge.tool.args.p4merge : {base} {user} {generated} {out}                   
           cmd.merge.tool.args.smartsync : {user} {generated} {base}                         
          cmd.merge.tool.args.sourcegear : --merge --result={out} {user} {base} {generated}  
            cmd.merge.tool.args.tortoise : -base:{base} -theirs:{generated} -mine:{user} -merged:{out}
                              cmd.minver : 3.0.0.0                                           
                            cmd.platform : osx                                               
                         cmd.server.port : 1841                                              
                     cmd.unicode.escapes : /Users/brad/bin/Sencha/Cmd/6.0.0.197/unicode-escapes.json
                             cmd.version : 6.0.0.197                                         
                            cmd.web.port : 1841                                              
                      config.skipInherit : false                                             
                                 ext.dir : /Users/brad/Data/SenchaLabsGit/FeedViewer/ext     
                        ext.license.name : beta                                              
                     framework.classpath : /Users/brad/Data/SenchaLabsGit/FeedViewer/ext/src 
                    framework.cmd.minver : 6.0.0.154                                         
                   framework.cmd.version : 6.0.0.154                                         
                 framework.compatVersion : 6.0.0                                             
                    framework.config.dir : /Users/brad/bin/Sencha/Cmd/6.0.0.197/plugins/ext/current
                       framework.creator : Sencha                                            
           framework.detailedDescription : Sencha Ext JS JavaScript Framework                
                           framework.dir : /Users/brad/Data/SenchaLabsGit/FeedViewer/ext     
                        framework.format : 1                                                 
                          framework.isV5 : true                                              
                          framework.isV6 : true                                              
                          framework.name : ext                                               
                        framework.output : ${package.dir}/build                              
                  framework.packages.dir : /Users/brad/Data/SenchaLabsGit/FeedViewer/ext/packages/,/Users/brad/Data/SenchaLabsGit/FeedViewer/ext/${toolkit.name}
                     framework.resources : resources                                         
                   framework.resources.0 : resources                                         
              framework.resources.length : 1                                                 
                      framework.sass.etc : ${package.dir}/sass/etc/all.scss                  
                  framework.sass.fashion : true                                              
                      framework.sass.src : ${package.dir}/sass/src                           
                      framework.sass.var : ${package.dir}/sass/var                           
                       framework.summary : Ext JS                                            
                          framework.type : framework                                         
                       framework.version : 6.0.0.415                                         
                    package.sass.dynamic : true                                              
                          repo.local.dir : /Users/brad/bin/Sencha/Cmd/repo                   
        system.java.net.useSystemProxies : true                                              
                     workspace.build.dir : /Users/brad/Data/SenchaLabsGit/FeedViewer/build   
                   workspace.cmd.version : 6.0.0.197                                         
                    workspace.config.dir : /Users/brad/Data/SenchaLabsGit/FeedViewer/.sencha/workspace
                           workspace.dir : /Users/brad/Data/SenchaLabsGit/FeedViewer         
                  workspace.packages.dir : /Users/brad/Data/SenchaLabsGit/FeedViewer/packages/local,/Users/brad/Data/SenchaLabsGit/FeedViewer/packages
              workspace.packages.extract : /Users/brad/Data/SenchaLabsGit/FeedViewer/packages/remote
                     workspace.theme.dir : /Users/brad/Data/SenchaLabsGit/FeedViewer/packages/local,/Users/brad/Data/SenchaLabsGit/FeedViewer/packages/${args.themeName}

Exception information:
=======================
No such property : help
     at com.sencha.cli.AbstractCommand$Properties.getProperty(AbstractCommand.java:441)
     at com.sencha.cli.AbstractCommand.parseConfigParam(AbstractCommand.java:465)
     at com.sencha.cli.AbstractCommand.processConfigParam(AbstractCommand.java:515)
     at com.sencha.cli.AbstractCommand.configure(AbstractCommand.java:114)
     at com.sencha.command.Sencha.main(Sencha.java:131)
     at sun.reflect.NativeMethodAccessorImpl.invoke0(Native Method)
     at sun.reflect.NativeMethodAccessorImpl.invoke(NativeMethodAccessorImpl.java:62)
     at sun.reflect.DelegatingMethodAccessorImpl.invoke(DelegatingMethodAccessorImpl.java:43)
     at java.lang.reflect.Method.invoke(Method.java:497)
     at com.exe4j.runtime.LauncherEngine.launch(Unknown Source)
     at com.install4j.runtime.launcher.UnixLauncher.main(Unknown Source)

